==50252== Memcheck, a memory error detector
==50252== Copyright (C) 2002-2022, and GNU GPL'd, by Julian Seward et al.
==50252== Using Valgrind-3.22.0 and LibVEX; rerun with -h for copyright info
==50252== Command: ./minishell
==50252== Parent PID: 44139
==50252== 
==50589== 
==50589== FILE DESCRIPTORS: 3 open (3 std) at exit.
==50589== 
==50589== HEAP SUMMARY:
==50589==     in use at exit: 249,746 bytes in 383 blocks
==50589==   total heap usage: 821 allocs, 438 frees, 302,620 bytes allocated
==50589== 
==50589== 5 bytes in 1 blocks are still reachable in loss record 3 of 96
==50589==    at 0x4846828: malloc (in /usr/libexec/valgrind/vgpreload_memcheck-amd64-linux.so)
==50589==    by 0x10F9AE: ft_strdup (in /workspaces/MINISHELLdeloshuevos/minishell)
==50589==    by 0x10EFCF: copy_non_redirs (in /workspaces/MINISHELLdeloshuevos/minishell)
==50589==    by 0x10F164: filter_args (in /workspaces/MINISHELLdeloshuevos/minishell)
==50589==    by 0x10B070: execute_single_pipe (in /workspaces/MINISHELLdeloshuevos/minishell)
==50589==    by 0x10B232: ft_execute_pipes (in /workspaces/MINISHELLdeloshuevos/minishell)
==50589==    by 0x10BC1E: main (in /workspaces/MINISHELLdeloshuevos/minishell)
==50589== 
==50589== 16 bytes in 1 blocks are still reachable in loss record 15 of 96
==50589==    at 0x4846828: malloc (in /usr/libexec/valgrind/vgpreload_memcheck-amd64-linux.so)
==50589==    by 0x10F126: filter_args (in /workspaces/MINISHELLdeloshuevos/minishell)
==50589==    by 0x10B070: execute_single_pipe (in /workspaces/MINISHELLdeloshuevos/minishell)
==50589==    by 0x10B232: ft_execute_pipes (in /workspaces/MINISHELLdeloshuevos/minishell)
==50589==    by 0x10BC1E: main (in /workspaces/MINISHELLdeloshuevos/minishell)
==50589== 
==50589== 20 bytes in 4 blocks are indirectly lost in loss record 17 of 96
==50589==    at 0x4846828: malloc (in /usr/libexec/valgrind/vgpreload_memcheck-amd64-linux.so)
==50589==    by 0x10E2DC: copy_token (in /workspaces/MINISHELLdeloshuevos/minishell)
==50589==    by 0x10E361: add_token (in /workspaces/MINISHELLdeloshuevos/minishell)
==50589==    by 0x10E452: alloc_tokens (in /workspaces/MINISHELLdeloshuevos/minishell)
==50589==    by 0x10E744: fill_cmds (in /workspaces/MINISHELLdeloshuevos/minishell)
==50589==    by 0x10E7BC: split_line (in /workspaces/MINISHELLdeloshuevos/minishell)
==50589==    by 0x10BBFA: main (in /workspaces/MINISHELLdeloshuevos/minishell)
==50589== 
==50589== 30 bytes in 6 blocks are still reachable in loss record 23 of 96
==50589==    at 0x4846828: malloc (in /usr/libexec/valgrind/vgpreload_memcheck-amd64-linux.so)
==50589==    by 0x10F9AE: ft_strdup (in /workspaces/MINISHELLdeloshuevos/minishell)
==50589==    by 0x10DC1E: ft_dup_matrix (in /workspaces/MINISHELLdeloshuevos/minishell)
==50589==    by 0x10DD55: remove_initial_empty_cmds (in /workspaces/MINISHELLdeloshuevos/minishell)
==50589==    by 0x10E7D4: split_line (in /workspaces/MINISHELLdeloshuevos/minishell)
==50589==    by 0x10BBFA: main (in /workspaces/MINISHELLdeloshuevos/minishell)
==50589== 
==50589== 33 bytes in 1 blocks are still reachable in loss record 24 of 96
==50589==    at 0x484DB80: realloc (in /usr/libexec/valgrind/vgpreload_memcheck-amd64-linux.so)
==50589==    by 0x49D0AC7: getcwd (getcwd.c:86)
==50589==    by 0x10EE5B: ft_build_prompt (in /workspaces/MINISHELLdeloshuevos/minishell)
==50589==    by 0x10BB91: main (in /workspaces/MINISHELLdeloshuevos/minishell)
==50589== 
==50589== 48 bytes in 2 blocks are still reachable in loss record 31 of 96
==50589==    at 0x4846828: malloc (in /usr/libexec/valgrind/vgpreload_memcheck-amd64-linux.so)
==50589==    by 0x10A3BC: ft_add_history (in /workspaces/MINISHELLdeloshuevos/minishell)
==50589==    by 0x10BBEB: main (in /workspaces/MINISHELLdeloshuevos/minishell)
==50589== 
==50589== 55 bytes in 1 blocks are still reachable in loss record 32 of 96
==50589==    at 0x4846828: malloc (in /usr/libexec/valgrind/vgpreload_memcheck-amd64-linux.so)
==50589==    by 0x10FAB8: ft_strjoin (in /workspaces/MINISHELLdeloshuevos/minishell)
==50589==    by 0x10EEC5: ft_build_prompt (in /workspaces/MINISHELLdeloshuevos/minishell)
==50589==    by 0x10BB91: main (in /workspaces/MINISHELLdeloshuevos/minishell)
==50589== 
==50589== 56 bytes in 1 blocks are still reachable in loss record 35 of 96
==50589==    at 0x4846828: malloc (in /usr/libexec/valgrind/vgpreload_memcheck-amd64-linux.so)
==50589==    by 0x10F2CC: ft_calloc (in /workspaces/MINISHELLdeloshuevos/minishell)
==50589==    by 0x10E4F6: init_cmds (in /workspaces/MINISHELLdeloshuevos/minishell)
==50589==    by 0x10E7B0: split_line (in /workspaces/MINISHELLdeloshuevos/minishell)
==50589==    by 0x10BBFA: main (in /workspaces/MINISHELLdeloshuevos/minishell)
==50589== 
==50589== 75 bytes in 2 blocks are still reachable in loss record 36 of 96
==50589==    at 0x4846828: malloc (in /usr/libexec/valgrind/vgpreload_memcheck-amd64-linux.so)
==50589==    by 0x10F9AE: ft_strdup (in /workspaces/MINISHELLdeloshuevos/minishell)
==50589==    by 0x10A3E8: ft_add_history (in /workspaces/MINISHELLdeloshuevos/minishell)
==50589==    by 0x10BBEB: main (in /workspaces/MINISHELLdeloshuevos/minishell)
==50589== 
==50589== 96 bytes in 6 blocks are still reachable in loss record 40 of 96
==50589==    at 0x4846828: malloc (in /usr/libexec/valgrind/vgpreload_memcheck-amd64-linux.so)
==50589==    by 0x10DBCB: ft_dup_matrix (in /workspaces/MINISHELLdeloshuevos/minishell)
==50589==    by 0x10DD55: remove_initial_empty_cmds (in /workspaces/MINISHELLdeloshuevos/minishell)
==50589==    by 0x10E7D4: split_line (in /workspaces/MINISHELLdeloshuevos/minishell)
==50589==    by 0x10BBFA: main (in /workspaces/MINISHELLdeloshuevos/minishell)
==50589== 
==50589== 888 bytes in 1 blocks are still reachable in loss record 48 of 96
==50589==    at 0x4846828: malloc (in /usr/libexec/valgrind/vgpreload_memcheck-amd64-linux.so)
==50589==    by 0x109824: ft_env_init (in /workspaces/MINISHELLdeloshuevos/minishell)
==50589==    by 0x10D0C1: ft_init_shell (in /workspaces/MINISHELLdeloshuevos/minishell)
==50589==    by 0x10BB82: main (in /workspaces/MINISHELLdeloshuevos/minishell)
==50589== 
==50589== 7,095 bytes in 110 blocks are still reachable in loss record 81 of 96
==50589==    at 0x4846828: malloc (in /usr/libexec/valgrind/vgpreload_memcheck-amd64-linux.so)
==50589==    by 0x10F9AE: ft_strdup (in /workspaces/MINISHELLdeloshuevos/minishell)
==50589==    by 0x1098A6: ft_env_init (in /workspaces/MINISHELLdeloshuevos/minishell)
==50589==    by 0x10D0C1: ft_init_shell (in /workspaces/MINISHELLdeloshuevos/minishell)
==50589==    by 0x10BB82: main (in /workspaces/MINISHELLdeloshuevos/minishell)
==50589== 
==50589== 8,244 (8,224 direct, 20 indirect) bytes in 4 blocks are definitely lost in loss record 93 of 96
==50589==    at 0x4846828: malloc (in /usr/libexec/valgrind/vgpreload_memcheck-amd64-linux.so)
==50589==    by 0x10E6CF: fill_cmds (in /workspaces/MINISHELLdeloshuevos/minishell)
==50589==    by 0x10E7BC: split_line (in /workspaces/MINISHELLdeloshuevos/minishell)
==50589==    by 0x10BBFA: main (in /workspaces/MINISHELLdeloshuevos/minishell)
==50589== 
==50589== LEAK SUMMARY:
==50589==    definitely lost: 8,224 bytes in 4 blocks
==50589==    indirectly lost: 20 bytes in 4 blocks
==50589==      possibly lost: 0 bytes in 0 blocks
==50589==    still reachable: 8,397 bytes in 132 blocks
==50589==         suppressed: 233,105 bytes in 243 blocks
==50589== 
==50589== For lists of detected and suppressed errors, rerun with: -s
==50589== ERROR SUMMARY: 1 errors from 1 contexts (suppressed: 0 from 0)
==50590== 
==50590== FILE DESCRIPTORS: 3 open (3 std) at exit.
==50590== 
==50590== HEAP SUMMARY:
==50590==     in use at exit: 249,746 bytes in 383 blocks
==50590==   total heap usage: 823 allocs, 440 frees, 302,641 bytes allocated
==50590== 
==50590== 5 bytes in 1 blocks are still reachable in loss record 3 of 96
==50590==    at 0x4846828: malloc (in /usr/libexec/valgrind/vgpreload_memcheck-amd64-linux.so)
==50590==    by 0x10F9AE: ft_strdup (in /workspaces/MINISHELLdeloshuevos/minishell)
==50590==    by 0x10EFCF: copy_non_redirs (in /workspaces/MINISHELLdeloshuevos/minishell)
==50590==    by 0x10F164: filter_args (in /workspaces/MINISHELLdeloshuevos/minishell)
==50590==    by 0x10B070: execute_single_pipe (in /workspaces/MINISHELLdeloshuevos/minishell)
==50590==    by 0x10B232: ft_execute_pipes (in /workspaces/MINISHELLdeloshuevos/minishell)
==50590==    by 0x10BC1E: main (in /workspaces/MINISHELLdeloshuevos/minishell)
==50590== 
==50590== 16 bytes in 1 blocks are still reachable in loss record 15 of 96
==50590==    at 0x4846828: malloc (in /usr/libexec/valgrind/vgpreload_memcheck-amd64-linux.so)
==50590==    by 0x10F126: filter_args (in /workspaces/MINISHELLdeloshuevos/minishell)
==50590==    by 0x10B070: execute_single_pipe (in /workspaces/MINISHELLdeloshuevos/minishell)
==50590==    by 0x10B232: ft_execute_pipes (in /workspaces/MINISHELLdeloshuevos/minishell)
==50590==    by 0x10BC1E: main (in /workspaces/MINISHELLdeloshuevos/minishell)
==50590== 
==50590== 20 bytes in 4 blocks are indirectly lost in loss record 17 of 96
==50590==    at 0x4846828: malloc (in /usr/libexec/valgrind/vgpreload_memcheck-amd64-linux.so)
==50590==    by 0x10E2DC: copy_token (in /workspaces/MINISHELLdeloshuevos/minishell)
==50590==    by 0x10E361: add_token (in /workspaces/MINISHELLdeloshuevos/minishell)
==50590==    by 0x10E452: alloc_tokens (in /workspaces/MINISHELLdeloshuevos/minishell)
==50590==    by 0x10E744: fill_cmds (in /workspaces/MINISHELLdeloshuevos/minishell)
==50590==    by 0x10E7BC: split_line (in /workspaces/MINISHELLdeloshuevos/minishell)
==50590==    by 0x10BBFA: main (in /workspaces/MINISHELLdeloshuevos/minishell)
==50590== 
==50590== 30 bytes in 6 blocks are still reachable in loss record 23 of 96
==50590==    at 0x4846828: malloc (in /usr/libexec/valgrind/vgpreload_memcheck-amd64-linux.so)
==50590==    by 0x10F9AE: ft_strdup (in /workspaces/MINISHELLdeloshuevos/minishell)
==50590==    by 0x10DC1E: ft_dup_matrix (in /workspaces/MINISHELLdeloshuevos/minishell)
==50590==    by 0x10DD55: remove_initial_empty_cmds (in /workspaces/MINISHELLdeloshuevos/minishell)
==50590==    by 0x10E7D4: split_line (in /workspaces/MINISHELLdeloshuevos/minishell)
==50590==    by 0x10BBFA: main (in /workspaces/MINISHELLdeloshuevos/minishell)
==50590== 
==50590== 33 bytes in 1 blocks are still reachable in loss record 24 of 96
==50590==    at 0x484DB80: realloc (in /usr/libexec/valgrind/vgpreload_memcheck-amd64-linux.so)
==50590==    by 0x49D0AC7: getcwd (getcwd.c:86)
==50590==    by 0x10EE5B: ft_build_prompt (in /workspaces/MINISHELLdeloshuevos/minishell)
==50590==    by 0x10BB91: main (in /workspaces/MINISHELLdeloshuevos/minishell)
==50590== 
==50590== 48 bytes in 2 blocks are still reachable in loss record 31 of 96
==50590==    at 0x4846828: malloc (in /usr/libexec/valgrind/vgpreload_memcheck-amd64-linux.so)
==50590==    by 0x10A3BC: ft_add_history (in /workspaces/MINISHELLdeloshuevos/minishell)
==50590==    by 0x10BBEB: main (in /workspaces/MINISHELLdeloshuevos/minishell)
==50590== 
==50590== 55 bytes in 1 blocks are still reachable in loss record 32 of 96
==50590==    at 0x4846828: malloc (in /usr/libexec/valgrind/vgpreload_memcheck-amd64-linux.so)
==50590==    by 0x10FAB8: ft_strjoin (in /workspaces/MINISHELLdeloshuevos/minishell)
==50590==    by 0x10EEC5: ft_build_prompt (in /workspaces/MINISHELLdeloshuevos/minishell)
==50590==    by 0x10BB91: main (in /workspaces/MINISHELLdeloshuevos/minishell)
==50590== 
==50590== 56 bytes in 1 blocks are still reachable in loss record 35 of 96
==50590==    at 0x4846828: malloc (in /usr/libexec/valgrind/vgpreload_memcheck-amd64-linux.so)
==50590==    by 0x10F2CC: ft_calloc (in /workspaces/MINISHELLdeloshuevos/minishell)
==50590==    by 0x10E4F6: init_cmds (in /workspaces/MINISHELLdeloshuevos/minishell)
==50590==    by 0x10E7B0: split_line (in /workspaces/MINISHELLdeloshuevos/minishell)
==50590==    by 0x10BBFA: main (in /workspaces/MINISHELLdeloshuevos/minishell)
==50590== 
==50590== 75 bytes in 2 blocks are still reachable in loss record 36 of 96
==50590==    at 0x4846828: malloc (in /usr/libexec/valgrind/vgpreload_memcheck-amd64-linux.so)
==50590==    by 0x10F9AE: ft_strdup (in /workspaces/MINISHELLdeloshuevos/minishell)
==50590==    by 0x10A3E8: ft_add_history (in /workspaces/MINISHELLdeloshuevos/minishell)
==50590==    by 0x10BBEB: main (in /workspaces/MINISHELLdeloshuevos/minishell)
==50590== 
==50590== 96 bytes in 6 blocks are still reachable in loss record 40 of 96
==50590==    at 0x4846828: malloc (in /usr/libexec/valgrind/vgpreload_memcheck-amd64-linux.so)
==50590==    by 0x10DBCB: ft_dup_matrix (in /workspaces/MINISHELLdeloshuevos/minishell)
==50590==    by 0x10DD55: remove_initial_empty_cmds (in /workspaces/MINISHELLdeloshuevos/minishell)
==50590==    by 0x10E7D4: split_line (in /workspaces/MINISHELLdeloshuevos/minishell)
==50590==    by 0x10BBFA: main (in /workspaces/MINISHELLdeloshuevos/minishell)
==50590== 
==50590== 888 bytes in 1 blocks are still reachable in loss record 48 of 96
==50590==    at 0x4846828: malloc (in /usr/libexec/valgrind/vgpreload_memcheck-amd64-linux.so)
==50590==    by 0x109824: ft_env_init (in /workspaces/MINISHELLdeloshuevos/minishell)
==50590==    by 0x10D0C1: ft_init_shell (in /workspaces/MINISHELLdeloshuevos/minishell)
==50590==    by 0x10BB82: main (in /workspaces/MINISHELLdeloshuevos/minishell)
==50590== 
==50590== 7,095 bytes in 110 blocks are still reachable in loss record 81 of 96
==50590==    at 0x4846828: malloc (in /usr/libexec/valgrind/vgpreload_memcheck-amd64-linux.so)
==50590==    by 0x10F9AE: ft_strdup (in /workspaces/MINISHELLdeloshuevos/minishell)
==50590==    by 0x1098A6: ft_env_init (in /workspaces/MINISHELLdeloshuevos/minishell)
==50590==    by 0x10D0C1: ft_init_shell (in /workspaces/MINISHELLdeloshuevos/minishell)
==50590==    by 0x10BB82: main (in /workspaces/MINISHELLdeloshuevos/minishell)
==50590== 
==50590== 8,244 (8,224 direct, 20 indirect) bytes in 4 blocks are definitely lost in loss record 93 of 96
==50590==    at 0x4846828: malloc (in /usr/libexec/valgrind/vgpreload_memcheck-amd64-linux.so)
==50590==    by 0x10E6CF: fill_cmds (in /workspaces/MINISHELLdeloshuevos/minishell)
==50590==    by 0x10E7BC: split_line (in /workspaces/MINISHELLdeloshuevos/minishell)
==50590==    by 0x10BBFA: main (in /workspaces/MINISHELLdeloshuevos/minishell)
==50590== 
==50590== LEAK SUMMARY:
==50590==    definitely lost: 8,224 bytes in 4 blocks
==50590==    indirectly lost: 20 bytes in 4 blocks
==50590==      possibly lost: 0 bytes in 0 blocks
==50590==    still reachable: 8,397 bytes in 132 blocks
==50590==         suppressed: 233,105 bytes in 243 blocks
==50590== 
==50590== For lists of detected and suppressed errors, rerun with: -s
==50590== ERROR SUMMARY: 1 errors from 1 contexts (suppressed: 0 from 0)
==50592== 
==50592== FILE DESCRIPTORS: 3 open (3 std) at exit.
==50592== 
==50592== HEAP SUMMARY:
==50592==     in use at exit: 249,746 bytes in 383 blocks
==50592==   total heap usage: 827 allocs, 444 frees, 302,683 bytes allocated
==50592== 
==50592== 5 bytes in 1 blocks are still reachable in loss record 3 of 96
==50592==    at 0x4846828: malloc (in /usr/libexec/valgrind/vgpreload_memcheck-amd64-linux.so)
==50592==    by 0x10F9AE: ft_strdup (in /workspaces/MINISHELLdeloshuevos/minishell)
==50592==    by 0x10EFCF: copy_non_redirs (in /workspaces/MINISHELLdeloshuevos/minishell)
==50592==    by 0x10F164: filter_args (in /workspaces/MINISHELLdeloshuevos/minishell)
==50592==    by 0x10B070: execute_single_pipe (in /workspaces/MINISHELLdeloshuevos/minishell)
==50592==    by 0x10B232: ft_execute_pipes (in /workspaces/MINISHELLdeloshuevos/minishell)
==50592==    by 0x10BC1E: main (in /workspaces/MINISHELLdeloshuevos/minishell)
==50592== 
==50592== 16 bytes in 1 blocks are still reachable in loss record 15 of 96
==50592==    at 0x4846828: malloc (in /usr/libexec/valgrind/vgpreload_memcheck-amd64-linux.so)
==50592==    by 0x10F126: filter_args (in /workspaces/MINISHELLdeloshuevos/minishell)
==50592==    by 0x10B070: execute_single_pipe (in /workspaces/MINISHELLdeloshuevos/minishell)
==50592==    by 0x10B232: ft_execute_pipes (in /workspaces/MINISHELLdeloshuevos/minishell)
==50592==    by 0x10BC1E: main (in /workspaces/MINISHELLdeloshuevos/minishell)
==50592== 
==50592== 20 bytes in 4 blocks are indirectly lost in loss record 17 of 96
==50592==    at 0x4846828: malloc (in /usr/libexec/valgrind/vgpreload_memcheck-amd64-linux.so)
==50592==    by 0x10E2DC: copy_token (in /workspaces/MINISHELLdeloshuevos/minishell)
==50592==    by 0x10E361: add_token (in /workspaces/MINISHELLdeloshuevos/minishell)
==50592==    by 0x10E452: alloc_tokens (in /workspaces/MINISHELLdeloshuevos/minishell)
==50592==    by 0x10E744: fill_cmds (in /workspaces/MINISHELLdeloshuevos/minishell)
==50592==    by 0x10E7BC: split_line (in /workspaces/MINISHELLdeloshuevos/minishell)
==50592==    by 0x10BBFA: main (in /workspaces/MINISHELLdeloshuevos/minishell)
==50592== 
==50592== 30 bytes in 6 blocks are still reachable in loss record 23 of 96
==50592==    at 0x4846828: malloc (in /usr/libexec/valgrind/vgpreload_memcheck-amd64-linux.so)
==50592==    by 0x10F9AE: ft_strdup (in /workspaces/MINISHELLdeloshuevos/minishell)
==50592==    by 0x10DC1E: ft_dup_matrix (in /workspaces/MINISHELLdeloshuevos/minishell)
==50592==    by 0x10DD55: remove_initial_empty_cmds (in /workspaces/MINISHELLdeloshuevos/minishell)
==50592==    by 0x10E7D4: split_line (in /workspaces/MINISHELLdeloshuevos/minishell)
==50592==    by 0x10BBFA: main (in /workspaces/MINISHELLdeloshuevos/minishell)
==50592== 
==50592== 33 bytes in 1 blocks are still reachable in loss record 24 of 96
==50592==    at 0x484DB80: realloc (in /usr/libexec/valgrind/vgpreload_memcheck-amd64-linux.so)
==50592==    by 0x49D0AC7: getcwd (getcwd.c:86)
==50592==    by 0x10EE5B: ft_build_prompt (in /workspaces/MINISHELLdeloshuevos/minishell)
==50592==    by 0x10BB91: main (in /workspaces/MINISHELLdeloshuevos/minishell)
==50592== 
==50592== 48 bytes in 2 blocks are still reachable in loss record 31 of 96
==50592==    at 0x4846828: malloc (in /usr/libexec/valgrind/vgpreload_memcheck-amd64-linux.so)
==50592==    by 0x10A3BC: ft_add_history (in /workspaces/MINISHELLdeloshuevos/minishell)
==50592==    by 0x10BBEB: main (in /workspaces/MINISHELLdeloshuevos/minishell)
==50592== 
==50592== 55 bytes in 1 blocks are still reachable in loss record 32 of 96
==50592==    at 0x4846828: malloc (in /usr/libexec/valgrind/vgpreload_memcheck-amd64-linux.so)
==50592==    by 0x10FAB8: ft_strjoin (in /workspaces/MINISHELLdeloshuevos/minishell)
==50592==    by 0x10EEC5: ft_build_prompt (in /workspaces/MINISHELLdeloshuevos/minishell)
==50592==    by 0x10BB91: main (in /workspaces/MINISHELLdeloshuevos/minishell)
==50592== 
==50592== 56 bytes in 1 blocks are still reachable in loss record 35 of 96
==50592==    at 0x4846828: malloc (in /usr/libexec/valgrind/vgpreload_memcheck-amd64-linux.so)
==50592==    by 0x10F2CC: ft_calloc (in /workspaces/MINISHELLdeloshuevos/minishell)
==50592==    by 0x10E4F6: init_cmds (in /workspaces/MINISHELLdeloshuevos/minishell)
==50592==    by 0x10E7B0: split_line (in /workspaces/MINISHELLdeloshuevos/minishell)
==50592==    by 0x10BBFA: main (in /workspaces/MINISHELLdeloshuevos/minishell)
==50592== 
==50592== 75 bytes in 2 blocks are still reachable in loss record 36 of 96
==50592==    at 0x4846828: malloc (in /usr/libexec/valgrind/vgpreload_memcheck-amd64-linux.so)
==50592==    by 0x10F9AE: ft_strdup (in /workspaces/MINISHELLdeloshuevos/minishell)
==50592==    by 0x10A3E8: ft_add_history (in /workspaces/MINISHELLdeloshuevos/minishell)
==50592==    by 0x10BBEB: main (in /workspaces/MINISHELLdeloshuevos/minishell)
==50592== 
==50592== 96 bytes in 6 blocks are still reachable in loss record 40 of 96
==50592==    at 0x4846828: malloc (in /usr/libexec/valgrind/vgpreload_memcheck-amd64-linux.so)
==50592==    by 0x10DBCB: ft_dup_matrix (in /workspaces/MINISHELLdeloshuevos/minishell)
==50592==    by 0x10DD55: remove_initial_empty_cmds (in /workspaces/MINISHELLdeloshuevos/minishell)
==50592==    by 0x10E7D4: split_line (in /workspaces/MINISHELLdeloshuevos/minishell)
==50592==    by 0x10BBFA: main (in /workspaces/MINISHELLdeloshuevos/minishell)
==50592== 
==50592== 888 bytes in 1 blocks are still reachable in loss record 48 of 96
==50592==    at 0x4846828: malloc (in /usr/libexec/valgrind/vgpreload_memcheck-amd64-linux.so)
==50592==    by 0x109824: ft_env_init (in /workspaces/MINISHELLdeloshuevos/minishell)
==50592==    by 0x10D0C1: ft_init_shell (in /workspaces/MINISHELLdeloshuevos/minishell)
==50592==    by 0x10BB82: main (in /workspaces/MINISHELLdeloshuevos/minishell)
==50592== 
==50592== 7,095 bytes in 110 blocks are still reachable in loss record 81 of 96
==50592==    at 0x4846828: malloc (in /usr/libexec/valgrind/vgpreload_memcheck-amd64-linux.so)
==50592==    by 0x10F9AE: ft_strdup (in /workspaces/MINISHELLdeloshuevos/minishell)
==50592==    by 0x1098A6: ft_env_init (in /workspaces/MINISHELLdeloshuevos/minishell)
==50592==    by 0x10D0C1: ft_init_shell (in /workspaces/MINISHELLdeloshuevos/minishell)
==50592==    by 0x10BB82: main (in /workspaces/MINISHELLdeloshuevos/minishell)
==50592== 
==50592== 8,244 (8,224 direct, 20 indirect) bytes in 4 blocks are definitely lost in loss record 93 of 96
==50592==    at 0x4846828: malloc (in /usr/libexec/valgrind/vgpreload_memcheck-amd64-linux.so)
==50592==    by 0x10E6CF: fill_cmds (in /workspaces/MINISHELLdeloshuevos/minishell)
==50592==    by 0x10E7BC: split_line (in /workspaces/MINISHELLdeloshuevos/minishell)
==50592==    by 0x10BBFA: main (in /workspaces/MINISHELLdeloshuevos/minishell)
==50592== 
==50592== LEAK SUMMARY:
==50592==    definitely lost: 8,224 bytes in 4 blocks
==50592==    indirectly lost: 20 bytes in 4 blocks
==50592==      possibly lost: 0 bytes in 0 blocks
==50592==    still reachable: 8,397 bytes in 132 blocks
==50592==         suppressed: 233,105 bytes in 243 blocks
==50592== 
==50592== For lists of detected and suppressed errors, rerun with: -s
==50592== ERROR SUMMARY: 1 errors from 1 contexts (suppressed: 0 from 0)
==50591== 
==50591== FILE DESCRIPTORS: 3 open (3 std) at exit.
==50591== 
==50591== HEAP SUMMARY:
==50591==     in use at exit: 249,746 bytes in 383 blocks
==50591==   total heap usage: 825 allocs, 442 frees, 302,662 bytes allocated
==50591== 
==50591== 5 bytes in 1 blocks are still reachable in loss record 3 of 96
==50591==    at 0x4846828: malloc (in /usr/libexec/valgrind/vgpreload_memcheck-amd64-linux.so)
==50591==    by 0x10F9AE: ft_strdup (in /workspaces/MINISHELLdeloshuevos/minishell)
==50591==    by 0x10EFCF: copy_non_redirs (in /workspaces/MINISHELLdeloshuevos/minishell)
==50591==    by 0x10F164: filter_args (in /workspaces/MINISHELLdeloshuevos/minishell)
==50591==    by 0x10B070: execute_single_pipe (in /workspaces/MINISHELLdeloshuevos/minishell)
==50591==    by 0x10B232: ft_execute_pipes (in /workspaces/MINISHELLdeloshuevos/minishell)
==50591==    by 0x10BC1E: main (in /workspaces/MINISHELLdeloshuevos/minishell)
==50591== 
==50591== 16 bytes in 1 blocks are still reachable in loss record 15 of 96
==50591==    at 0x4846828: malloc (in /usr/libexec/valgrind/vgpreload_memcheck-amd64-linux.so)
==50591==    by 0x10F126: filter_args (in /workspaces/MINISHELLdeloshuevos/minishell)
==50591==    by 0x10B070: execute_single_pipe (in /workspaces/MINISHELLdeloshuevos/minishell)
==50591==    by 0x10B232: ft_execute_pipes (in /workspaces/MINISHELLdeloshuevos/minishell)
==50591==    by 0x10BC1E: main (in /workspaces/MINISHELLdeloshuevos/minishell)
==50591== 
==50591== 20 bytes in 4 blocks are indirectly lost in loss record 17 of 96
==50591==    at 0x4846828: malloc (in /usr/libexec/valgrind/vgpreload_memcheck-amd64-linux.so)
==50591==    by 0x10E2DC: copy_token (in /workspaces/MINISHELLdeloshuevos/minishell)
==50591==    by 0x10E361: add_token (in /workspaces/MINISHELLdeloshuevos/minishell)
==50591==    by 0x10E452: alloc_tokens (in /workspaces/MINISHELLdeloshuevos/minishell)
==50591==    by 0x10E744: fill_cmds (in /workspaces/MINISHELLdeloshuevos/minishell)
==50591==    by 0x10E7BC: split_line (in /workspaces/MINISHELLdeloshuevos/minishell)
==50591==    by 0x10BBFA: main (in /workspaces/MINISHELLdeloshuevos/minishell)
==50591== 
==50591== 30 bytes in 6 blocks are still reachable in loss record 23 of 96
==50591==    at 0x4846828: malloc (in /usr/libexec/valgrind/vgpreload_memcheck-amd64-linux.so)
==50591==    by 0x10F9AE: ft_strdup (in /workspaces/MINISHELLdeloshuevos/minishell)
==50591==    by 0x10DC1E: ft_dup_matrix (in /workspaces/MINISHELLdeloshuevos/minishell)
==50591==    by 0x10DD55: remove_initial_empty_cmds (in /workspaces/MINISHELLdeloshuevos/minishell)
==50591==    by 0x10E7D4: split_line (in /workspaces/MINISHELLdeloshuevos/minishell)
==50591==    by 0x10BBFA: main (in /workspaces/MINISHELLdeloshuevos/minishell)
==50591== 
==50591== 33 bytes in 1 blocks are still reachable in loss record 24 of 96
==50591==    at 0x484DB80: realloc (in /usr/libexec/valgrind/vgpreload_memcheck-amd64-linux.so)
==50591==    by 0x49D0AC7: getcwd (getcwd.c:86)
==50591==    by 0x10EE5B: ft_build_prompt (in /workspaces/MINISHELLdeloshuevos/minishell)
==50591==    by 0x10BB91: main (in /workspaces/MINISHELLdeloshuevos/minishell)
==50591== 
==50591== 48 bytes in 2 blocks are still reachable in loss record 31 of 96
==50591==    at 0x4846828: malloc (in /usr/libexec/valgrind/vgpreload_memcheck-amd64-linux.so)
==50591==    by 0x10A3BC: ft_add_history (in /workspaces/MINISHELLdeloshuevos/minishell)
==50591==    by 0x10BBEB: main (in /workspaces/MINISHELLdeloshuevos/minishell)
==50591== 
==50591== 55 bytes in 1 blocks are still reachable in loss record 32 of 96
==50591==    at 0x4846828: malloc (in /usr/libexec/valgrind/vgpreload_memcheck-amd64-linux.so)
==50591==    by 0x10FAB8: ft_strjoin (in /workspaces/MINISHELLdeloshuevos/minishell)
==50591==    by 0x10EEC5: ft_build_prompt (in /workspaces/MINISHELLdeloshuevos/minishell)
==50591==    by 0x10BB91: main (in /workspaces/MINISHELLdeloshuevos/minishell)
==50591== 
==50591== 56 bytes in 1 blocks are still reachable in loss record 35 of 96
==50591==    at 0x4846828: malloc (in /usr/libexec/valgrind/vgpreload_memcheck-amd64-linux.so)
==50591==    by 0x10F2CC: ft_calloc (in /workspaces/MINISHELLdeloshuevos/minishell)
==50591==    by 0x10E4F6: init_cmds (in /workspaces/MINISHELLdeloshuevos/minishell)
==50591==    by 0x10E7B0: split_line (in /workspaces/MINISHELLdeloshuevos/minishell)
==50591==    by 0x10BBFA: main (in /workspaces/MINISHELLdeloshuevos/minishell)
==50591== 
==50591== 75 bytes in 2 blocks are still reachable in loss record 36 of 96
==50591==    at 0x4846828: malloc (in /usr/libexec/valgrind/vgpreload_memcheck-amd64-linux.so)
==50591==    by 0x10F9AE: ft_strdup (in /workspaces/MINISHELLdeloshuevos/minishell)
==50591==    by 0x10A3E8: ft_add_history (in /workspaces/MINISHELLdeloshuevos/minishell)
==50591==    by 0x10BBEB: main (in /workspaces/MINISHELLdeloshuevos/minishell)
==50591== 
==50591== 96 bytes in 6 blocks are still reachable in loss record 40 of 96
==50591==    at 0x4846828: malloc (in /usr/libexec/valgrind/vgpreload_memcheck-amd64-linux.so)
==50591==    by 0x10DBCB: ft_dup_matrix (in /workspaces/MINISHELLdeloshuevos/minishell)
==50591==    by 0x10DD55: remove_initial_empty_cmds (in /workspaces/MINISHELLdeloshuevos/minishell)
==50591==    by 0x10E7D4: split_line (in /workspaces/MINISHELLdeloshuevos/minishell)
==50591==    by 0x10BBFA: main (in /workspaces/MINISHELLdeloshuevos/minishell)
==50591== 
==50591== 888 bytes in 1 blocks are still reachable in loss record 48 of 96
==50591==    at 0x4846828: malloc (in /usr/libexec/valgrind/vgpreload_memcheck-amd64-linux.so)
==50591==    by 0x109824: ft_env_init (in /workspaces/MINISHELLdeloshuevos/minishell)
==50591==    by 0x10D0C1: ft_init_shell (in /workspaces/MINISHELLdeloshuevos/minishell)
==50591==    by 0x10BB82: main (in /workspaces/MINISHELLdeloshuevos/minishell)
==50591== 
==50591== 7,095 bytes in 110 blocks are still reachable in loss record 81 of 96
==50591==    at 0x4846828: malloc (in /usr/libexec/valgrind/vgpreload_memcheck-amd64-linux.so)
==50591==    by 0x10F9AE: ft_strdup (in /workspaces/MINISHELLdeloshuevos/minishell)
==50591==    by 0x1098A6: ft_env_init (in /workspaces/MINISHELLdeloshuevos/minishell)
==50591==    by 0x10D0C1: ft_init_shell (in /workspaces/MINISHELLdeloshuevos/minishell)
==50591==    by 0x10BB82: main (in /workspaces/MINISHELLdeloshuevos/minishell)
==50591== 
==50591== 8,244 (8,224 direct, 20 indirect) bytes in 4 blocks are definitely lost in loss record 93 of 96
==50591==    at 0x4846828: malloc (in /usr/libexec/valgrind/vgpreload_memcheck-amd64-linux.so)
==50591==    by 0x10E6CF: fill_cmds (in /workspaces/MINISHELLdeloshuevos/minishell)
==50591==    by 0x10E7BC: split_line (in /workspaces/MINISHELLdeloshuevos/minishell)
==50591==    by 0x10BBFA: main (in /workspaces/MINISHELLdeloshuevos/minishell)
==50591== 
==50591== LEAK SUMMARY:
==50591==    definitely lost: 8,224 bytes in 4 blocks
==50591==    indirectly lost: 20 bytes in 4 blocks
==50591==      possibly lost: 0 bytes in 0 blocks
==50591==    still reachable: 8,397 bytes in 132 blocks
==50591==         suppressed: 233,105 bytes in 243 blocks
==50591== 
==50591== For lists of detected and suppressed errors, rerun with: -s
==50591== ERROR SUMMARY: 1 errors from 1 contexts (suppressed: 0 from 0)
==50593== 
==50593== FILE DESCRIPTORS: 3 open (3 std) at exit.
==50593== 
==50593== HEAP SUMMARY:
==50593==     in use at exit: 249,746 bytes in 383 blocks
==50593==   total heap usage: 829 allocs, 446 frees, 302,704 bytes allocated
==50593== 
==50593== 5 bytes in 1 blocks are still reachable in loss record 3 of 96
==50593==    at 0x4846828: malloc (in /usr/libexec/valgrind/vgpreload_memcheck-amd64-linux.so)
==50593==    by 0x10F9AE: ft_strdup (in /workspaces/MINISHELLdeloshuevos/minishell)
==50593==    by 0x10EFCF: copy_non_redirs (in /workspaces/MINISHELLdeloshuevos/minishell)
==50593==    by 0x10F164: filter_args (in /workspaces/MINISHELLdeloshuevos/minishell)
==50593==    by 0x10B070: execute_single_pipe (in /workspaces/MINISHELLdeloshuevos/minishell)
==50593==    by 0x10B232: ft_execute_pipes (in /workspaces/MINISHELLdeloshuevos/minishell)
==50593==    by 0x10BC1E: main (in /workspaces/MINISHELLdeloshuevos/minishell)
==50593== 
==50593== 16 bytes in 1 blocks are still reachable in loss record 15 of 96
==50593==    at 0x4846828: malloc (in /usr/libexec/valgrind/vgpreload_memcheck-amd64-linux.so)
==50593==    by 0x10F126: filter_args (in /workspaces/MINISHELLdeloshuevos/minishell)
==50593==    by 0x10B070: execute_single_pipe (in /workspaces/MINISHELLdeloshuevos/minishell)
==50593==    by 0x10B232: ft_execute_pipes (in /workspaces/MINISHELLdeloshuevos/minishell)
==50593==    by 0x10BC1E: main (in /workspaces/MINISHELLdeloshuevos/minishell)
==50593== 
==50593== 20 bytes in 4 blocks are indirectly lost in loss record 17 of 96
==50593==    at 0x4846828: malloc (in /usr/libexec/valgrind/vgpreload_memcheck-amd64-linux.so)
==50593==    by 0x10E2DC: copy_token (in /workspaces/MINISHELLdeloshuevos/minishell)
==50593==    by 0x10E361: add_token (in /workspaces/MINISHELLdeloshuevos/minishell)
==50593==    by 0x10E452: alloc_tokens (in /workspaces/MINISHELLdeloshuevos/minishell)
==50593==    by 0x10E744: fill_cmds (in /workspaces/MINISHELLdeloshuevos/minishell)
==50593==    by 0x10E7BC: split_line (in /workspaces/MINISHELLdeloshuevos/minishell)
==50593==    by 0x10BBFA: main (in /workspaces/MINISHELLdeloshuevos/minishell)
==50593== 
==50593== 30 bytes in 6 blocks are still reachable in loss record 23 of 96
==50593==    at 0x4846828: malloc (in /usr/libexec/valgrind/vgpreload_memcheck-amd64-linux.so)
==50593==    by 0x10F9AE: ft_strdup (in /workspaces/MINISHELLdeloshuevos/minishell)
==50593==    by 0x10DC1E: ft_dup_matrix (in /workspaces/MINISHELLdeloshuevos/minishell)
==50593==    by 0x10DD55: remove_initial_empty_cmds (in /workspaces/MINISHELLdeloshuevos/minishell)
==50593==    by 0x10E7D4: split_line (in /workspaces/MINISHELLdeloshuevos/minishell)
==50593==    by 0x10BBFA: main (in /workspaces/MINISHELLdeloshuevos/minishell)
==50593== 
==50593== 33 bytes in 1 blocks are still reachable in loss record 24 of 96
==50593==    at 0x484DB80: realloc (in /usr/libexec/valgrind/vgpreload_memcheck-amd64-linux.so)
==50593==    by 0x49D0AC7: getcwd (getcwd.c:86)
==50593==    by 0x10EE5B: ft_build_prompt (in /workspaces/MINISHELLdeloshuevos/minishell)
==50593==    by 0x10BB91: main (in /workspaces/MINISHELLdeloshuevos/minishell)
==50593== 
==50593== 48 bytes in 2 blocks are still reachable in loss record 31 of 96
==50593==    at 0x4846828: malloc (in /usr/libexec/valgrind/vgpreload_memcheck-amd64-linux.so)
==50593==    by 0x10A3BC: ft_add_history (in /workspaces/MINISHELLdeloshuevos/minishell)
==50593==    by 0x10BBEB: main (in /workspaces/MINISHELLdeloshuevos/minishell)
==50593== 
==50593== 55 bytes in 1 blocks are still reachable in loss record 32 of 96
==50593==    at 0x4846828: malloc (in /usr/libexec/valgrind/vgpreload_memcheck-amd64-linux.so)
==50593==    by 0x10FAB8: ft_strjoin (in /workspaces/MINISHELLdeloshuevos/minishell)
==50593==    by 0x10EEC5: ft_build_prompt (in /workspaces/MINISHELLdeloshuevos/minishell)
==50593==    by 0x10BB91: main (in /workspaces/MINISHELLdeloshuevos/minishell)
==50593== 
==50593== 56 bytes in 1 blocks are still reachable in loss record 35 of 96
==50593==    at 0x4846828: malloc (in /usr/libexec/valgrind/vgpreload_memcheck-amd64-linux.so)
==50593==    by 0x10F2CC: ft_calloc (in /workspaces/MINISHELLdeloshuevos/minishell)
==50593==    by 0x10E4F6: init_cmds (in /workspaces/MINISHELLdeloshuevos/minishell)
==50593==    by 0x10E7B0: split_line (in /workspaces/MINISHELLdeloshuevos/minishell)
==50593==    by 0x10BBFA: main (in /workspaces/MINISHELLdeloshuevos/minishell)
==50593== 
==50593== 75 bytes in 2 blocks are still reachable in loss record 36 of 96
==50593==    at 0x4846828: malloc (in /usr/libexec/valgrind/vgpreload_memcheck-amd64-linux.so)
==50593==    by 0x10F9AE: ft_strdup (in /workspaces/MINISHELLdeloshuevos/minishell)
==50593==    by 0x10A3E8: ft_add_history (in /workspaces/MINISHELLdeloshuevos/minishell)
==50593==    by 0x10BBEB: main (in /workspaces/MINISHELLdeloshuevos/minishell)
==50593== 
==50593== 96 bytes in 6 blocks are still reachable in loss record 40 of 96
==50593==    at 0x4846828: malloc (in /usr/libexec/valgrind/vgpreload_memcheck-amd64-linux.so)
==50593==    by 0x10DBCB: ft_dup_matrix (in /workspaces/MINISHELLdeloshuevos/minishell)
==50593==    by 0x10DD55: remove_initial_empty_cmds (in /workspaces/MINISHELLdeloshuevos/minishell)
==50593==    by 0x10E7D4: split_line (in /workspaces/MINISHELLdeloshuevos/minishell)
==50593==    by 0x10BBFA: main (in /workspaces/MINISHELLdeloshuevos/minishell)
==50593== 
==50593== 888 bytes in 1 blocks are still reachable in loss record 48 of 96
==50593==    at 0x4846828: malloc (in /usr/libexec/valgrind/vgpreload_memcheck-amd64-linux.so)
==50593==    by 0x109824: ft_env_init (in /workspaces/MINISHELLdeloshuevos/minishell)
==50593==    by 0x10D0C1: ft_init_shell (in /workspaces/MINISHELLdeloshuevos/minishell)
==50593==    by 0x10BB82: main (in /workspaces/MINISHELLdeloshuevos/minishell)
==50593== 
==50593== 7,095 bytes in 110 blocks are still reachable in loss record 81 of 96
==50593==    at 0x4846828: malloc (in /usr/libexec/valgrind/vgpreload_memcheck-amd64-linux.so)
==50593==    by 0x10F9AE: ft_strdup (in /workspaces/MINISHELLdeloshuevos/minishell)
==50593==    by 0x1098A6: ft_env_init (in /workspaces/MINISHELLdeloshuevos/minishell)
==50593==    by 0x10D0C1: ft_init_shell (in /workspaces/MINISHELLdeloshuevos/minishell)
==50593==    by 0x10BB82: main (in /workspaces/MINISHELLdeloshuevos/minishell)
==50593== 
==50593== 8,244 (8,224 direct, 20 indirect) bytes in 4 blocks are definitely lost in loss record 93 of 96
==50593==    at 0x4846828: malloc (in /usr/libexec/valgrind/vgpreload_memcheck-amd64-linux.so)
==50593==    by 0x10E6CF: fill_cmds (in /workspaces/MINISHELLdeloshuevos/minishell)
==50593==    by 0x10E7BC: split_line (in /workspaces/MINISHELLdeloshuevos/minishell)
==50593==    by 0x10BBFA: main (in /workspaces/MINISHELLdeloshuevos/minishell)
==50593== 
==50593== LEAK SUMMARY:
==50593==    definitely lost: 8,224 bytes in 4 blocks
==50593==    indirectly lost: 20 bytes in 4 blocks
==50593==      possibly lost: 0 bytes in 0 blocks
==50593==    still reachable: 8,397 bytes in 132 blocks
==50593==         suppressed: 233,105 bytes in 243 blocks
==50593== 
==50593== For lists of detected and suppressed errors, rerun with: -s
==50593== ERROR SUMMARY: 1 errors from 1 contexts (suppressed: 0 from 0)
==50594== 
==50594== FILE DESCRIPTORS: 3 open (3 std) at exit.
==50594== 
==50594== HEAP SUMMARY:
==50594==     in use at exit: 249,746 bytes in 383 blocks
==50594==   total heap usage: 831 allocs, 448 frees, 302,725 bytes allocated
==50594== 
==50594== 5 bytes in 1 blocks are still reachable in loss record 3 of 96
==50594==    at 0x4846828: malloc (in /usr/libexec/valgrind/vgpreload_memcheck-amd64-linux.so)
==50594==    by 0x10F9AE: ft_strdup (in /workspaces/MINISHELLdeloshuevos/minishell)
==50594==    by 0x10EFCF: copy_non_redirs (in /workspaces/MINISHELLdeloshuevos/minishell)
==50594==    by 0x10F164: filter_args (in /workspaces/MINISHELLdeloshuevos/minishell)
==50594==    by 0x10B070: execute_single_pipe (in /workspaces/MINISHELLdeloshuevos/minishell)
==50594==    by 0x10B232: ft_execute_pipes (in /workspaces/MINISHELLdeloshuevos/minishell)
==50594==    by 0x10BC1E: main (in /workspaces/MINISHELLdeloshuevos/minishell)
==50594== 
==50594== 16 bytes in 1 blocks are still reachable in loss record 15 of 96
==50594==    at 0x4846828: malloc (in /usr/libexec/valgrind/vgpreload_memcheck-amd64-linux.so)
==50594==    by 0x10F126: filter_args (in /workspaces/MINISHELLdeloshuevos/minishell)
==50594==    by 0x10B070: execute_single_pipe (in /workspaces/MINISHELLdeloshuevos/minishell)
==50594==    by 0x10B232: ft_execute_pipes (in /workspaces/MINISHELLdeloshuevos/minishell)
==50594==    by 0x10BC1E: main (in /workspaces/MINISHELLdeloshuevos/minishell)
==50594== 
==50594== 20 bytes in 4 blocks are indirectly lost in loss record 17 of 96
==50594==    at 0x4846828: malloc (in /usr/libexec/valgrind/vgpreload_memcheck-amd64-linux.so)
==50594==    by 0x10E2DC: copy_token (in /workspaces/MINISHELLdeloshuevos/minishell)
==50594==    by 0x10E361: add_token (in /workspaces/MINISHELLdeloshuevos/minishell)
==50594==    by 0x10E452: alloc_tokens (in /workspaces/MINISHELLdeloshuevos/minishell)
==50594==    by 0x10E744: fill_cmds (in /workspaces/MINISHELLdeloshuevos/minishell)
==50594==    by 0x10E7BC: split_line (in /workspaces/MINISHELLdeloshuevos/minishell)
==50594==    by 0x10BBFA: main (in /workspaces/MINISHELLdeloshuevos/minishell)
==50594== 
==50594== 30 bytes in 6 blocks are still reachable in loss record 23 of 96
==50594==    at 0x4846828: malloc (in /usr/libexec/valgrind/vgpreload_memcheck-amd64-linux.so)
==50594==    by 0x10F9AE: ft_strdup (in /workspaces/MINISHELLdeloshuevos/minishell)
==50594==    by 0x10DC1E: ft_dup_matrix (in /workspaces/MINISHELLdeloshuevos/minishell)
==50594==    by 0x10DD55: remove_initial_empty_cmds (in /workspaces/MINISHELLdeloshuevos/minishell)
==50594==    by 0x10E7D4: split_line (in /workspaces/MINISHELLdeloshuevos/minishell)
==50594==    by 0x10BBFA: main (in /workspaces/MINISHELLdeloshuevos/minishell)
==50594== 
==50594== 33 bytes in 1 blocks are still reachable in loss record 24 of 96
==50594==    at 0x484DB80: realloc (in /usr/libexec/valgrind/vgpreload_memcheck-amd64-linux.so)
==50594==    by 0x49D0AC7: getcwd (getcwd.c:86)
==50594==    by 0x10EE5B: ft_build_prompt (in /workspaces/MINISHELLdeloshuevos/minishell)
==50594==    by 0x10BB91: main (in /workspaces/MINISHELLdeloshuevos/minishell)
==50594== 
==50594== 48 bytes in 2 blocks are still reachable in loss record 31 of 96
==50594==    at 0x4846828: malloc (in /usr/libexec/valgrind/vgpreload_memcheck-amd64-linux.so)
==50594==    by 0x10A3BC: ft_add_history (in /workspaces/MINISHELLdeloshuevos/minishell)
==50594==    by 0x10BBEB: main (in /workspaces/MINISHELLdeloshuevos/minishell)
==50594== 
==50594== 55 bytes in 1 blocks are still reachable in loss record 32 of 96
==50594==    at 0x4846828: malloc (in /usr/libexec/valgrind/vgpreload_memcheck-amd64-linux.so)
==50594==    by 0x10FAB8: ft_strjoin (in /workspaces/MINISHELLdeloshuevos/minishell)
==50594==    by 0x10EEC5: ft_build_prompt (in /workspaces/MINISHELLdeloshuevos/minishell)
==50594==    by 0x10BB91: main (in /workspaces/MINISHELLdeloshuevos/minishell)
==50594== 
==50594== 56 bytes in 1 blocks are still reachable in loss record 35 of 96
==50594==    at 0x4846828: malloc (in /usr/libexec/valgrind/vgpreload_memcheck-amd64-linux.so)
==50594==    by 0x10F2CC: ft_calloc (in /workspaces/MINISHELLdeloshuevos/minishell)
==50594==    by 0x10E4F6: init_cmds (in /workspaces/MINISHELLdeloshuevos/minishell)
==50594==    by 0x10E7B0: split_line (in /workspaces/MINISHELLdeloshuevos/minishell)
==50594==    by 0x10BBFA: main (in /workspaces/MINISHELLdeloshuevos/minishell)
==50594== 
==50594== 75 bytes in 2 blocks are still reachable in loss record 36 of 96
==50594==    at 0x4846828: malloc (in /usr/libexec/valgrind/vgpreload_memcheck-amd64-linux.so)
==50594==    by 0x10F9AE: ft_strdup (in /workspaces/MINISHELLdeloshuevos/minishell)
==50594==    by 0x10A3E8: ft_add_history (in /workspaces/MINISHELLdeloshuevos/minishell)
==50594==    by 0x10BBEB: main (in /workspaces/MINISHELLdeloshuevos/minishell)
==50594== 
==50594== 96 bytes in 6 blocks are still reachable in loss record 40 of 96
==50594==    at 0x4846828: malloc (in /usr/libexec/valgrind/vgpreload_memcheck-amd64-linux.so)
==50594==    by 0x10DBCB: ft_dup_matrix (in /workspaces/MINISHELLdeloshuevos/minishell)
==50594==    by 0x10DD55: remove_initial_empty_cmds (in /workspaces/MINISHELLdeloshuevos/minishell)
==50594==    by 0x10E7D4: split_line (in /workspaces/MINISHELLdeloshuevos/minishell)
==50594==    by 0x10BBFA: main (in /workspaces/MINISHELLdeloshuevos/minishell)
==50594== 
==50594== 888 bytes in 1 blocks are still reachable in loss record 48 of 96
==50594==    at 0x4846828: malloc (in /usr/libexec/valgrind/vgpreload_memcheck-amd64-linux.so)
==50594==    by 0x109824: ft_env_init (in /workspaces/MINISHELLdeloshuevos/minishell)
==50594==    by 0x10D0C1: ft_init_shell (in /workspaces/MINISHELLdeloshuevos/minishell)
==50594==    by 0x10BB82: main (in /workspaces/MINISHELLdeloshuevos/minishell)
==50594== 
==50594== 7,095 bytes in 110 blocks are still reachable in loss record 81 of 96
==50594==    at 0x4846828: malloc (in /usr/libexec/valgrind/vgpreload_memcheck-amd64-linux.so)
==50594==    by 0x10F9AE: ft_strdup (in /workspaces/MINISHELLdeloshuevos/minishell)
==50594==    by 0x1098A6: ft_env_init (in /workspaces/MINISHELLdeloshuevos/minishell)
==50594==    by 0x10D0C1: ft_init_shell (in /workspaces/MINISHELLdeloshuevos/minishell)
==50594==    by 0x10BB82: main (in /workspaces/MINISHELLdeloshuevos/minishell)
==50594== 
==50594== 8,244 (8,224 direct, 20 indirect) bytes in 4 blocks are definitely lost in loss record 93 of 96
==50594==    at 0x4846828: malloc (in /usr/libexec/valgrind/vgpreload_memcheck-amd64-linux.so)
==50594==    by 0x10E6CF: fill_cmds (in /workspaces/MINISHELLdeloshuevos/minishell)
==50594==    by 0x10E7BC: split_line (in /workspaces/MINISHELLdeloshuevos/minishell)
==50594==    by 0x10BBFA: main (in /workspaces/MINISHELLdeloshuevos/minishell)
==50594== 
==50594== LEAK SUMMARY:
==50594==    definitely lost: 8,224 bytes in 4 blocks
==50594==    indirectly lost: 20 bytes in 4 blocks
==50594==      possibly lost: 0 bytes in 0 blocks
==50594==    still reachable: 8,397 bytes in 132 blocks
==50594==         suppressed: 233,105 bytes in 243 blocks
==50594== 
==50594== For lists of detected and suppressed errors, rerun with: -s
==50594== ERROR SUMMARY: 1 errors from 1 contexts (suppressed: 0 from 0)
==50252== 
==50252== FILE DESCRIPTORS: 6 open (1 std) at exit.
==50252== Open file descriptor 24: /home/codespace/.vscode-remote/data/logs/20251115T020550/ptyhost.log
==50252==    <inherited from parent>
==50252== 
==50252== Open file descriptor 23: /home/codespace/.vscode-remote/data/logs/20251115T020550/remoteTelemetry.log
==50252==    <inherited from parent>
==50252== 
==50252== Open file descriptor 22: /home/codespace/.vscode-remote/data/logs/20251115T020550/remoteagent.log
==50252==    <inherited from parent>
==50252== 
==50252== Open file descriptor 6: /dev/null
==50252==    <inherited from parent>
==50252== 
==50252== Open file descriptor 3: /workspaces/MINISHELLdeloshuevos/valgrind.log
==50252==    <inherited from parent>
==50252== 
==50252== 
==50252== HEAP SUMMARY:
==50252==     in use at exit: 241,284 bytes in 248 blocks
==50252==   total heap usage: 671 allocs, 423 frees, 297,633 bytes allocated
==50252== 
==50252== 20 bytes in 4 blocks are indirectly lost in loss record 14 of 82
==50252==    at 0x4846828: malloc (in /usr/libexec/valgrind/vgpreload_memcheck-amd64-linux.so)
==50252==    by 0x10E2DC: copy_token (in /workspaces/MINISHELLdeloshuevos/minishell)
==50252==    by 0x10E361: add_token (in /workspaces/MINISHELLdeloshuevos/minishell)
==50252==    by 0x10E452: alloc_tokens (in /workspaces/MINISHELLdeloshuevos/minishell)
==50252==    by 0x10E744: fill_cmds (in /workspaces/MINISHELLdeloshuevos/minishell)
==50252==    by 0x10E7BC: split_line (in /workspaces/MINISHELLdeloshuevos/minishell)
==50252==    by 0x10BBFA: main (in /workspaces/MINISHELLdeloshuevos/minishell)
==50252== 
==50252== 8,244 (8,224 direct, 20 indirect) bytes in 4 blocks are definitely lost in loss record 79 of 82
==50252==    at 0x4846828: malloc (in /usr/libexec/valgrind/vgpreload_memcheck-amd64-linux.so)
==50252==    by 0x10E6CF: fill_cmds (in /workspaces/MINISHELLdeloshuevos/minishell)
==50252==    by 0x10E7BC: split_line (in /workspaces/MINISHELLdeloshuevos/minishell)
==50252==    by 0x10BBFA: main (in /workspaces/MINISHELLdeloshuevos/minishell)
==50252== 
==50252== LEAK SUMMARY:
==50252==    definitely lost: 8,224 bytes in 4 blocks
==50252==    indirectly lost: 20 bytes in 4 blocks
==50252==      possibly lost: 0 bytes in 0 blocks
==50252==    still reachable: 0 bytes in 0 blocks
==50252==         suppressed: 233,040 bytes in 240 blocks
==50252== 
==50252== For lists of detected and suppressed errors, rerun with: -s
==50252== ERROR SUMMARY: 1 errors from 1 contexts (suppressed: 0 from 0)
